<?xml version="1.0" encoding="UTF-8"?>
<!-- Generated by org.testng.reporters.JUnitReportReporter -->
<testsuite skipped="0" hostname="TP-LAP0039" name="com.MGSLightning_Execution_Classes.TC_0005_Regression_MGSLightning_CoopersHawkCares_SignUp" tests="1" failures="0" timestamp="05 Oct 2019 12:06:24 GMT" time="250.576" errors="0">
  <testcase name="LightningFounderSignUP" time="250.576" classname="com.MGSLightning_Execution_Classes.TC_0005_Regression_MGSLightning_CoopersHawkCares_SignUp"/>
</testsuite> <!-- com.MGSLightning_Execution_Classes.TC_0005_Regression_MGSLightning_CoopersHawkCares_SignUp -->
