<?xml version="1.0" encoding="UTF-8"?>
<!-- Generated by org.testng.reporters.JUnitReportReporter -->
<testsuite skipped="0" hostname="TP-LAP0039" name="com.MGSLightning_Execution_Classes.TC_0033_Regression_MGSLightning_Change2to1BottleMembership_Immediately" tests="1" failures="0" timestamp="23 Sep 2019 05:03:45 GMT" time="96.788" errors="0">
  <testcase name="TC_0033_Regression_MGSClassic_Change2to1BottleMembership_Immediately" time="96.788" classname="com.MGSLightning_Execution_Classes.TC_0033_Regression_MGSLightning_Change2to1BottleMembership_Immediately"/>
</testsuite> <!-- com.MGSLightning_Execution_Classes.TC_0033_Regression_MGSLightning_Change2to1BottleMembership_Immediately -->
