<?xml version="1.0" encoding="UTF-8"?>
<!-- Generated by org.testng.reporters.JUnitReportReporter -->
<testsuite skipped="0" hostname="TP-LAP0039" name="com.MGSClassic_Execution_Classes.TC_0017_Regression_MGSClassic_MemberSignature_OptOut" tests="1" failures="0" timestamp="07 Oct 2019 03:22:52 GMT" time="101.318" errors="0">
  <testcase name="TC_0017_Regression_MGS_MemberSignature_OptOut" time="101.318" classname="com.MGSClassic_Execution_Classes.TC_0017_Regression_MGSClassic_MemberSignature_OptOut"/>
</testsuite> <!-- com.MGSClassic_Execution_Classes.TC_0017_Regression_MGSClassic_MemberSignature_OptOut -->
