<?xml version="1.0" encoding="UTF-8"?>
<!-- Generated by org.testng.reporters.JUnitReportReporter -->
<testsuite skipped="0" hostname="00-PARIGUE" name="com.MGS_Execution_Classes.LightningCoopersHawkCares_SignUp" tests="1" failures="0" timestamp="15 Mar 2019 19:13:10 GMT" time="67.110" errors="0">
  <testcase name="LightningFounderSignUP" time="67.110" classname="com.MGS_Execution_Classes.LightningCoopersHawkCares_SignUp"/>
</testsuite> <!-- com.MGS_Execution_Classes.LightningCoopersHawkCares_SignUp -->
