<?xml version="1.0" encoding="UTF-8"?>
<!-- Generated by org.testng.reporters.JUnitReportReporter -->
<testsuite skipped="0" hostname="TP-LAP0039" name="com.MGSClassic_Execution_Classes.TC_0006_Regression_MGSClassic_Complimentary_SignUp" tests="1" failures="0" timestamp="07 Oct 2019 03:22:50 GMT" time="150.106" errors="0">
  <testcase name="ComplimentarySignUP" time="150.106" classname="com.MGSClassic_Execution_Classes.TC_0006_Regression_MGSClassic_Complimentary_SignUp"/>
</testsuite> <!-- com.MGSClassic_Execution_Classes.TC_0006_Regression_MGSClassic_Complimentary_SignUp -->
