<?xml version="1.0" encoding="UTF-8"?>
<!-- Generated by org.testng.reporters.JUnitReportReporter -->
<testsuite skipped="0" hostname="TP-LAP0039" name="com.MGSLightning_Execution_Classes.TC_0007_Regression_MGSLightning_Monthly_Activate" tests="2" failures="0" timestamp="07 Oct 2019 08:25:34 GMT" time="116.542" errors="0">
  <testcase name="testB" time="0.001" classname="com.MGSLightning_Execution_Classes.TC_0007_Regression_MGSLightning_Monthly_Activate"/>
  <testcase name="TC_0007_Regression_MGSLightning_Monthly_Activate" time="116.541" classname="com.MGSLightning_Execution_Classes.TC_0007_Regression_MGSLightning_Monthly_Activate"/>
</testsuite> <!-- com.MGSLightning_Execution_Classes.TC_0007_Regression_MGSLightning_Monthly_Activate -->
