<?xml version="1.0" encoding="UTF-8"?>
<!-- Generated by org.testng.reporters.JUnitReportReporter -->
<testsuite skipped="0" hostname="TP-LAP0039" name="com.MGSLightning_Execution_Classes.TC_0014_Regression_MGSLightning_Clear_DeclineStatus" tests="1" failures="0" timestamp="04 Oct 2019 15:35:36 GMT" time="144.218" errors="0">
  <testcase name="TC_0014_Regression_MGSLightning_Clear_DeclineStatus" time="144.218" classname="com.MGSLightning_Execution_Classes.TC_0014_Regression_MGSLightning_Clear_DeclineStatus"/>
</testsuite> <!-- com.MGSLightning_Execution_Classes.TC_0014_Regression_MGSLightning_Clear_DeclineStatus -->
