<?xml version="1.0" encoding="UTF-8"?>
<!-- Generated by org.testng.reporters.JUnitReportReporter -->
<testsuite skipped="0" hostname="TP-LAP0039" name="com.MGSClassic_Execution_Classes.TC_0025_Regression_MGSClassic_convertGifttoMonthlyMembershipbeforeExpiry" tests="1" failures="0" timestamp="07 Oct 2019 03:22:53 GMT" time="131.011" errors="0">
  <testcase name="TC_0025_Regression_MGSClassic_convertGifttoMonthlyMembershipbeforeExpiry" time="131.011" classname="com.MGSClassic_Execution_Classes.TC_0025_Regression_MGSClassic_convertGifttoMonthlyMembershipbeforeExpiry"/>
</testsuite> <!-- com.MGSClassic_Execution_Classes.TC_0025_Regression_MGSClassic_convertGifttoMonthlyMembershipbeforeExpiry -->
