<?xml version="1.0" encoding="UTF-8"?>
<!-- Generated by org.testng.reporters.JUnitReportReporter -->
<testsuite skipped="0" hostname="TP-LAP0039" name="com.Restaurant_Execution_Classes.TC_0091_Regression_RUI_Changefrom1to2bottlemembershipNextBillingCyclewithTRA" tests="1" failures="0" timestamp="05 Oct 2019 22:41:29 GMT" time="41.856" errors="0">
  <testcase name="TC_0091_Regression_RUI_Changefrom1to2bottlemembershipNextBillingCyclewithTRA" time="41.856" classname="com.Restaurant_Execution_Classes.TC_0091_Regression_RUI_Changefrom1to2bottlemembershipNextBillingCyclewithTRA"/>
</testsuite> <!-- com.Restaurant_Execution_Classes.TC_0091_Regression_RUI_Changefrom1to2bottlemembershipNextBillingCyclewithTRA -->
