<?xml version="1.0" encoding="UTF-8"?>
<!-- Generated by org.testng.reporters.JUnitReportReporter -->
<testsuite skipped="0" hostname="TP-LAP0039" name="com.Restaurant_Execution_Classes.TC_0001_Regression_RUI_MonthlySignUP" tests="1" failures="0" timestamp="05 Oct 2019 22:41:29 GMT" time="132.480" errors="0">
  <testcase name="RestaurantMonthly_SignUP" time="132.480" classname="com.Restaurant_Execution_Classes.TC_0001_Regression_RUI_MonthlySignUP"/>
</testsuite> <!-- com.Restaurant_Execution_Classes.TC_0001_Regression_RUI_MonthlySignUP -->
