<?xml version="1.0" encoding="UTF-8"?>
<!-- Generated by org.testng.reporters.JUnitReportReporter -->
<testsuite skipped="0" hostname="TP-LAP0039" name="com.MGSClassic_Execution_Classes.TC_0013_Regression_MGSClassic_Replace_NewCreditCard" tests="1" failures="0" timestamp="07 Oct 2019 03:22:52 GMT" time="126.136" errors="0">
  <testcase name="TC_0013_Regression_MGS_Replace_NewCreditCard" time="126.136" classname="com.MGSClassic_Execution_Classes.TC_0013_Regression_MGSClassic_Replace_NewCreditCard"/>
</testsuite> <!-- com.MGSClassic_Execution_Classes.TC_0013_Regression_MGSClassic_Replace_NewCreditCard -->
