<?xml version="1.0" encoding="UTF-8"?>
<!-- Generated by org.testng.reporters.JUnitReportReporter -->
<testsuite skipped="0" hostname="TP-LAP0039" name="com.Restaurant_Execution_Classes.TC_0079_Regression_RUI_ChangeClubtypeNextBillingcycleIncreasedcostwithTRA" tests="1" failures="0" timestamp="05 Oct 2019 22:41:30 GMT" time="40.414" errors="0">
  <testcase name="TC_0079_Regression_RUI_ChangeClubtypeNextBillingcycleIncreasedcostwithTRA" time="40.414" classname="com.Restaurant_Execution_Classes.TC_0079_Regression_RUI_ChangeClubtypeNextBillingcycleIncreasedcostwithTRA"/>
</testsuite> <!-- com.Restaurant_Execution_Classes.TC_0079_Regression_RUI_ChangeClubtypeNextBillingcycleIncreasedcostwithTRA -->
