<?xml version="1.0" encoding="UTF-8"?>
<!-- Generated by org.testng.reporters.JUnitReportReporter -->
<testsuite skipped="0" hostname="00-PARIGUE" name="com.MGS_Execution_Classes.LightningFounder_SignUp" tests="1" failures="0" timestamp="01 Apr 2019 15:28:51 GMT" time="181.182" errors="0">
  <testcase name="LightningFounderSignUP" time="181.182" classname="com.MGS_Execution_Classes.LightningFounder_SignUp"/>
</testsuite> <!-- com.MGS_Execution_Classes.LightningFounder_SignUp -->
