<?xml version="1.0" encoding="UTF-8"?>
<!-- Generated by org.testng.reporters.JUnitReportReporter -->
<testsuite skipped="0" hostname="TP-LAP0039" name="com.MGSLightning_Execution_Classes.TC_0025_Regression_MGSLightning_convertGifttoMonthlyMembershipbeforeExpiry" tests="1" failures="0" timestamp="04 Oct 2019 16:38:47 GMT" time="132.759" errors="0">
  <testcase name="TC_0025_Regression_MGSLightning_convertGifttoMonthlyMembershipbeforeExpiry" time="132.759" classname="com.MGSLightning_Execution_Classes.TC_0025_Regression_MGSLightning_convertGifttoMonthlyMembershipbeforeExpiry"/>
</testsuite> <!-- com.MGSLightning_Execution_Classes.TC_0025_Regression_MGSLightning_convertGifttoMonthlyMembershipbeforeExpiry -->
