<?xml version="1.0" encoding="UTF-8"?>
<!-- Generated by org.testng.reporters.JUnitReportReporter -->
<testsuite skipped="0" hostname="TP-LAP0039" name="com.MGSClassic_Execution_Classes.TC_0020_Regression_MGSClassic_Pickup_priorWOMwithNoupcharge_card" tests="1" failures="0" timestamp="07 Oct 2019 03:22:52 GMT" time="193.710" errors="0">
  <testcase name="TC_0020_Regression_MGS_Pickup_priorWOMwithNoupcharge_card" time="193.710" classname="com.MGSClassic_Execution_Classes.TC_0020_Regression_MGSClassic_Pickup_priorWOMwithNoupcharge_card"/>
</testsuite> <!-- com.MGSClassic_Execution_Classes.TC_0020_Regression_MGSClassic_Pickup_priorWOMwithNoupcharge_card -->
