<?xml version="1.0" encoding="UTF-8"?>
<!-- Generated by org.testng.reporters.JUnitReportReporter -->
<testsuite skipped="0" hostname="TP-LAP0039" name="com.MGSLightning_Execution_Classes.TC_0015_Regression_MGSLightning_Markoff_Tasting" tests="1" failures="0" timestamp="04 Oct 2019 15:39:05 GMT" time="125.037" errors="0">
  <testcase name="TC_0015_Regression_MGS_Markoff_Tasting" time="125.037" classname="com.MGSLightning_Execution_Classes.TC_0015_Regression_MGSLightning_Markoff_Tasting"/>
</testsuite> <!-- com.MGSLightning_Execution_Classes.TC_0015_Regression_MGSLightning_Markoff_Tasting -->
