<?xml version="1.0" encoding="UTF-8"?>
<!-- Generated by org.testng.reporters.JUnitReportReporter -->
<testsuite skipped="0" hostname="TP-LAP0039" name="com.MGSClassic_Execution_Classes.TC_0002_Regression_MGSClassic_GiftMember_SignUp" tests="1" failures="0" timestamp="07 Oct 2019 03:22:51 GMT" time="165.240" errors="0">
  <testcase name="GiftMemberSignUP" time="165.240" classname="com.MGSClassic_Execution_Classes.TC_0002_Regression_MGSClassic_GiftMember_SignUp"/>
</testsuite> <!-- com.MGSClassic_Execution_Classes.TC_0002_Regression_MGSClassic_GiftMember_SignUp -->
