<?xml version="1.0" encoding="UTF-8"?>
<!-- Generated by org.testng.reporters.JUnitReportReporter -->
<testsuite skipped="0" hostname="TP-LAP0039" name="com.Restaurant_Execution_Classes.TC_0118_Regression_RUI_ExtendgiftmembershipafterexpiringwithManager" tests="1" failures="0" timestamp="05 Oct 2019 22:41:29 GMT" time="12.316" errors="0">
  <testcase name="TC_0118_Regression_RUI_ExtendgiftmembershipafterexpiringwithManager" time="12.316" classname="com.Restaurant_Execution_Classes.TC_0118_Regression_RUI_ExtendgiftmembershipafterexpiringwithManager"/>
</testsuite> <!-- com.Restaurant_Execution_Classes.TC_0118_Regression_RUI_ExtendgiftmembershipafterexpiringwithManager -->
