<?xml version="1.0" encoding="UTF-8"?>
<!-- Generated by org.testng.reporters.JUnitReportReporter -->
<testsuite skipped="0" hostname="TP-LAP0039" name="com.RestaurantJulyPromo.TC_0021_RUI_JulyPromo_RejoinJune25toJuly22" tests="1" failures="0" timestamp="24 Jul 2019 13:24:34 GMT" time="7.796" errors="0">
  <testcase name="TC_0017_RUI_JulyPromo_NewPickupSignupJune25toJuly22" time="7.796" classname="com.RestaurantJulyPromo.TC_0021_RUI_JulyPromo_RejoinJune25toJuly22"/>
</testsuite> <!-- com.RestaurantJulyPromo.TC_0021_RUI_JulyPromo_RejoinJune25toJuly22 -->
