<?xml version="1.0" encoding="UTF-8"?>
<!-- Generated by org.testng.reporters.JUnitReportReporter -->
<testsuite skipped="0" hostname="TP-LAP0039" name="com.MGSLightning_Execution_Classes.TC_0038_Regression_MGSLightning_Cancel_Membership" tests="1" failures="0" timestamp="13 Sep 2019 08:15:11 GMT" time="244.882" errors="0">
  <testcase name="TC_0038_Regression_MGSClassic_Cancel_Membership" time="244.882" classname="com.MGSLightning_Execution_Classes.TC_0038_Regression_MGSLightning_Cancel_Membership"/>
</testsuite> <!-- com.MGSLightning_Execution_Classes.TC_0038_Regression_MGSLightning_Cancel_Membership -->
