<?xml version="1.0" encoding="UTF-8"?>
<!-- Generated by org.testng.reporters.JUnitReportReporter -->
<testsuite skipped="0" hostname="TP-LAP0039" name="com.MGSLightning_Execution_Classes.TC_0013_Regression_MGSLightning_Replace_NewCreditCard" tests="1" failures="0" timestamp="04 Oct 2019 15:31:09 GMT" time="119.084" errors="0">
  <testcase name="TC_0013_Regression_MGSLightning_Replace_NewCreditCard" time="119.084" classname="com.MGSLightning_Execution_Classes.TC_0013_Regression_MGSLightning_Replace_NewCreditCard"/>
</testsuite> <!-- com.MGSLightning_Execution_Classes.TC_0013_Regression_MGSLightning_Replace_NewCreditCard -->
