<?xml version="1.0" encoding="UTF-8"?>
<!-- Generated by org.testng.reporters.JUnitReportReporter -->
<testsuite skipped="0" hostname="TP-LAP0039" name="com.MGSClassic_Execution_Classes.TC_0001_Regression_MGSClassic_MonthlyMember_SignUp" tests="1" failures="0" timestamp="07 Oct 2019 03:22:54 GMT" time="154.703" errors="0">
  <testcase name="ClassicMonthlyMemberSignUP" time="154.703" classname="com.MGSClassic_Execution_Classes.TC_0001_Regression_MGSClassic_MonthlyMember_SignUp"/>
</testsuite> <!-- com.MGSClassic_Execution_Classes.TC_0001_Regression_MGSClassic_MonthlyMember_SignUp -->
