<?xml version="1.0" encoding="UTF-8"?>
<!-- Generated by org.testng.reporters.JUnitReportReporter -->
<testsuite skipped="0" hostname="TP-LAP0039" name="com.Restaurant_Execution_Classes.TC_0128_Regression_RUI_UpdateCreditCard" tests="1" failures="0" timestamp="16 Sep 2019 13:21:06 GMT" time="25.228" errors="0">
  <testcase name="TC_0128_Regression_RUI_UpdateCreditCard" time="25.228" classname="com.Restaurant_Execution_Classes.TC_0128_Regression_RUI_UpdateCreditCard"/>
</testsuite> <!-- com.Restaurant_Execution_Classes.TC_0128_Regression_RUI_UpdateCreditCard -->
