<?xml version="1.0" encoding="UTF-8"?>
<!-- Generated by org.testng.reporters.JUnitReportReporter -->
<testsuite skipped="0" hostname="TP-LAP0039" name="com.MGSClassic_Execution_Classes.TC_0018_Regression_MGSClassic_MemberSignature_OptIn" tests="1" failures="0" timestamp="07 Oct 2019 03:22:53 GMT" time="91.501" errors="0">
  <testcase name="TC_0018_Regression_MGS_MemberSignature_OptIn" time="91.501" classname="com.MGSClassic_Execution_Classes.TC_0018_Regression_MGSClassic_MemberSignature_OptIn"/>
</testsuite> <!-- com.MGSClassic_Execution_Classes.TC_0018_Regression_MGSClassic_MemberSignature_OptIn -->
