<?xml version="1.0" encoding="UTF-8"?>
<!-- Generated by org.testng.reporters.JUnitReportReporter -->
<testsuite skipped="0" hostname="TP-LAP0039" name="com.Restaurant_Execution_Classes.TC_0080_Regression_RUI_ChangeClubtypeNextBillingcycleIncreasedcostwithBARTNEDER" tests="1" failures="0" timestamp="05 Oct 2019 22:41:29 GMT" time="32.543" errors="0">
  <testcase name="TC_0080_Regression_RUI_ChangeClubtypeNextBillingcycleIncreasedcostwithBARTNEDER" time="32.543" classname="com.Restaurant_Execution_Classes.TC_0080_Regression_RUI_ChangeClubtypeNextBillingcycleIncreasedcostwithBARTNEDER"/>
</testsuite> <!-- com.Restaurant_Execution_Classes.TC_0080_Regression_RUI_ChangeClubtypeNextBillingcycleIncreasedcostwithBARTNEDER -->
