<?xml version="1.0" encoding="UTF-8"?>
<!-- Generated by org.testng.reporters.JUnitReportReporter -->
<<<<<<< HEAD
<testsuite skipped="0" hostname="TP-LAP0039" name="com.MGS_Execution_Classes.Test1" tests="1" failures="0" timestamp="13 Jun 2019 16:17:26 GMT" time="0.017" errors="0">
=======
<testsuite skipped="0" hostname="TP-LAP0007" name="com.MGS_Execution_Classes.Test1" tests="1" failures="0" timestamp="31 May 2019 10:28:53 GMT" time="0.017" errors="0">
>>>>>>> branch 'master' of https://github.com/chwinery/Test-Automation.git
  <testcase name="testB" time="0.017" classname="com.MGS_Execution_Classes.Test1"/>
</testsuite> <!-- com.MGS_Execution_Classes.Test1 -->
