<?xml version="1.0" encoding="UTF-8"?>
<!-- Generated by org.testng.reporters.JUnitReportReporter -->
<testsuite skipped="0" hostname="TP-LAP0039" name="com.Restaurant_Execution_Classes.TC_0081_Regression_RUI_ChangeClubtypeNextBillingcycleIncreasedcostwithSERVER" tests="1" failures="0" timestamp="05 Oct 2019 22:41:29 GMT" time="32.307" errors="0">
  <testcase name="TC_0081_Regression_RUI_ChangeClubtypeNextBillingcycleIncreasedcostwithSERVER" time="32.307" classname="com.Restaurant_Execution_Classes.TC_0081_Regression_RUI_ChangeClubtypeNextBillingcycleIncreasedcostwithSERVER"/>
</testsuite> <!-- com.Restaurant_Execution_Classes.TC_0081_Regression_RUI_ChangeClubtypeNextBillingcycleIncreasedcostwithSERVER -->
