<?xml version="1.0" encoding="UTF-8"?>
<!-- Generated by org.testng.reporters.JUnitReportReporter -->
<testsuite skipped="0" hostname="TP-LAP0039" name="com.Communities_Execution_Classes.TC0004_Regression_Communities_MonthlyMember_UpdateCard" tests="1" failures="0" timestamp="08 Oct 2019 09:17:01 GMT" time="44.471" errors="0">
  <testcase name="TC0004_Regression_Communities_MonthlyMember_UpdateCard" time="44.471" classname="com.Communities_Execution_Classes.TC0004_Regression_Communities_MonthlyMember_UpdateCard"/>
</testsuite> <!-- com.Communities_Execution_Classes.TC0004_Regression_Communities_MonthlyMember_UpdateCard -->
