<?xml version="1.0" encoding="UTF-8"?>
<!-- Generated by org.testng.reporters.JUnitReportReporter -->
<testsuite skipped="0" hostname="TP-LAP0039" name="com.Restaurant_Execution_Classes.TC_0072_Regression_RUI_ChangedeliveryNextBillingCyclewithBARTENDER" tests="1" failures="0" timestamp="05 Oct 2019 22:41:30 GMT" time="32.757" errors="0">
  <testcase name="TC_0072_Regression_RUI_ChangedeliveryNextBillingCyclewithBARTENDER" time="32.757" classname="com.Restaurant_Execution_Classes.TC_0072_Regression_RUI_ChangedeliveryNextBillingCyclewithBARTENDER"/>
</testsuite> <!-- com.Restaurant_Execution_Classes.TC_0072_Regression_RUI_ChangedeliveryNextBillingCyclewithBARTENDER -->
