<?xml version="1.0" encoding="UTF-8"?>
<!-- Generated by org.testng.reporters.JUnitReportReporter -->
<testsuite skipped="0" hostname="TP-LAP0039" name="com.MGSClassic_Execution_Classes.TC_0015_Regression_MGSClassic_Markoff_Tasting" tests="1" failures="0" timestamp="07 Oct 2019 03:22:49 GMT" time="151.554" errors="0">
  <testcase name="TC_0015_Regression_MGS_Markoff_Tasting" time="151.554" classname="com.MGSClassic_Execution_Classes.TC_0015_Regression_MGSClassic_Markoff_Tasting"/>
</testsuite> <!-- com.MGSClassic_Execution_Classes.TC_0015_Regression_MGSClassic_Markoff_Tasting -->
