<?xml version="1.0" encoding="UTF-8"?>
<!-- Generated by org.testng.reporters.JUnitReportReporter -->
<testsuite skipped="0" hostname="TP-LAP0039" name="com.MGSLightning_Execution_Classes.TC_0017_Regression_MGSLightning_MemberSignature_OptOut" tests="1" failures="0" timestamp="04 Oct 2019 15:51:49 GMT" time="141.209" errors="0">
  <testcase name="TC_0017_Regression_MGSLightning_MemberSignature_OptOut" time="141.209" classname="com.MGSLightning_Execution_Classes.TC_0017_Regression_MGSLightning_MemberSignature_OptOut"/>
</testsuite> <!-- com.MGSLightning_Execution_Classes.TC_0017_Regression_MGSLightning_MemberSignature_OptOut -->
