<?xml version="1.0" encoding="UTF-8"?>
<!-- Generated by org.testng.reporters.JUnitReportReporter -->
<testsuite skipped="0" hostname="TP-LAP0039" name="com.MGSLightning_Execution_Classes.TC_0027_Regression_MGSLightning_ChangeDeliveryNextBillingCycle" tests="1" failures="0" timestamp="09 Oct 2019 12:17:02 GMT" time="167.012" errors="0">
  <testcase name="TC_0027_Regression_MGSLightning_ChangeDeliveryNextBillingCycle" time="167.012" classname="com.MGSLightning_Execution_Classes.TC_0027_Regression_MGSLightning_ChangeDeliveryNextBillingCycle"/>
</testsuite> <!-- com.MGSLightning_Execution_Classes.TC_0027_Regression_MGSLightning_ChangeDeliveryNextBillingCycle -->
