<?xml version="1.0" encoding="UTF-8"?>
<!-- Generated by org.testng.reporters.JUnitReportReporter -->
<testsuite skipped="0" hostname="TP-LAP0039" name="com.Restaurant_Execution_Classes.TC_0117_Regression_RUI_ExtendgiftmembershipafterexpiringwithServer" tests="1" failures="0" timestamp="05 Oct 2019 22:41:30 GMT" time="11.499" errors="0">
  <testcase name="TC_0117_Regression_RUI_ExtendgiftmembershipafterexpiringwithServer" time="11.499" classname="com.Restaurant_Execution_Classes.TC_0117_Regression_RUI_ExtendgiftmembershipafterexpiringwithServer"/>
</testsuite> <!-- com.Restaurant_Execution_Classes.TC_0117_Regression_RUI_ExtendgiftmembershipafterexpiringwithServer -->
