<?xml version="1.0" encoding="UTF-8"?>
<!-- Generated by org.testng.reporters.JUnitReportReporter -->
<testsuite skipped="0" hostname="TP-LAP0039" name="com.Communities_Execution_Classes.GiftMember_SignUp" tests="1" failures="0" timestamp="08 Oct 2019 09:17:01 GMT" time="77.725" errors="0">
  <testcase name="CommunitiesGiftMemberSignUP" time="77.725" classname="com.Communities_Execution_Classes.GiftMember_SignUp"/>
</testsuite> <!-- com.Communities_Execution_Classes.GiftMember_SignUp -->
