<?xml version="1.0" encoding="UTF-8"?>
<!-- Generated by org.testng.reporters.JUnitReportReporter -->
<testsuite skipped="0" hostname="TP-LAP0039" name="com.MGSLightning_Execution_Classes.TC_0028_Regression_MGSLightning_ChangeClubTypeNextBillingCycle_DecreasedCost" tests="1" failures="0" timestamp="09 Oct 2019 11:53:19 GMT" time="190.131" errors="0">
  <testcase name="TC_0028_Regression_MGSClassic_ChangeClubTypeNextBillingCycle_DecreasedCost" time="190.131" classname="com.MGSLightning_Execution_Classes.TC_0028_Regression_MGSLightning_ChangeClubTypeNextBillingCycle_DecreasedCost"/>
</testsuite> <!-- com.MGSLightning_Execution_Classes.TC_0028_Regression_MGSLightning_ChangeClubTypeNextBillingCycle_DecreasedCost -->
