<?xml version="1.0" encoding="UTF-8"?>
<!-- Generated by org.testng.reporters.JUnitReportReporter -->
<testsuite skipped="0" hostname="TP-LAP0039" name="com.Restaurant_Execution_Classes.TC_0016_Regression_RUI_ChangecontactInformationwithBARTENDER" tests="1" failures="0" timestamp="05 Oct 2019 22:41:29 GMT" time="21.260" errors="0">
  <testcase name="TC_0016_Regression_RUI_ChangecontactInformationwithBARTENDER" time="21.260" classname="com.Restaurant_Execution_Classes.TC_0016_Regression_RUI_ChangecontactInformationwithBARTENDER"/>
</testsuite> <!-- com.Restaurant_Execution_Classes.TC_0016_Regression_RUI_ChangecontactInformationwithBARTENDER -->
