<?xml version="1.0" encoding="UTF-8"?>
<!-- Generated by org.testng.reporters.JUnitReportReporter -->
<testsuite skipped="0" hostname="TP-LAP0039" name="com.MGSClassic_Execution_Classes.TC_0034_Regression_MGSClassic_Change1to2BottleMembership_NextBillingCycle" tests="1" failures="0" timestamp="07 Oct 2019 03:22:51 GMT" time="104.181" errors="1">
  <testcase name="TC_0034_Regression_MGSClassic_Change1to2BottleMembership_NextBillingCycle" time="104.181" classname="com.MGSClassic_Execution_Classes.TC_0034_Regression_MGSClassic_Change1to2BottleMembership_NextBillingCycle">
    <error type="java.lang.Error" message="Unresolved compilation problem: 
	The method chargeNewCreditCard_StoreOnFile() is undefined for the type Page_MonthlyMembersEntry
">
      <![CDATA[java.lang.Error: Unresolved compilation problem: 
The method chargeNewCreditCard_StoreOnFile() is undefined for the type Page_MonthlyMembersEntry

at com.MGS.CommonPages.ClassicWCMemberValidationPage.changefrom1to2BottleNextBillingCycle(ClassicWCMemberValidationPage.java:967)
at com.MGS.CommonPages.MGSPages.ClassicWCMemberValidationPage_changefrom1to2BottleNextBillingCycle(MGSPages.java:594)
at com.MGSClassic_Execution_Classes.TC_0034_Regression_MGSClassic_Change1to2BottleMembership_NextBillingCycle.TC_0034_Regression_MGSClassic_Change1to2BottleMembership_NextBillingCycle(TC_0034_Regression_MGSClassic_Change1to2BottleMembership_NextBillingCycle.java:54)
at sun.reflect.NativeMethodAccessorImpl.invoke0(Native Method)
at sun.reflect.NativeMethodAccessorImpl.invoke(Unknown Source)
at sun.reflect.DelegatingMethodAccessorImpl.invoke(Unknown Source)
at java.lang.reflect.Method.invoke(Unknown Source)
at org.testng.internal.MethodInvocationHelper.invokeMethod(MethodInvocationHelper.java:124)
at org.testng.internal.Invoker.invokeMethod(Invoker.java:583)
at org.testng.internal.Invoker.invokeTestMethod(Invoker.java:719)
at org.testng.internal.Invoker.invokeTestMethods(Invoker.java:989)
at org.testng.internal.TestMethodWorker.invokeTestMethods(TestMethodWorker.java:125)
at org.testng.internal.TestMethodWorker.run(TestMethodWorker.java:109)
at org.testng.TestRunner.privateRun(TestRunner.java:648)
at org.testng.TestRunner.run(TestRunner.java:505)
at org.testng.SuiteRunner.runTest(SuiteRunner.java:455)
at org.testng.SuiteRunner.runSequentially(SuiteRunner.java:450)
at org.testng.SuiteRunner.privateRun(SuiteRunner.java:415)
at org.testng.SuiteRunner.run(SuiteRunner.java:364)
at org.testng.SuiteRunnerWorker.runSuite(SuiteRunnerWorker.java:52)
at org.testng.SuiteRunnerWorker.run(SuiteRunnerWorker.java:84)
at org.testng.TestNG.runSuitesSequentially(TestNG.java:1208)
at org.testng.TestNG.runSuitesLocally(TestNG.java:1137)
at org.testng.TestNG.runSuites(TestNG.java:1049)
at org.testng.TestNG.run(TestNG.java:1017)
at org.testng.remote.AbstractRemoteTestNG.run(AbstractRemoteTestNG.java:115)
at org.testng.remote.RemoteTestNG.initAndRun(RemoteTestNG.java:251)
at org.testng.remote.RemoteTestNG.main(RemoteTestNG.java:77)
]]>
    </error>
  </testcase> <!-- TC_0034_Regression_MGSClassic_Change1to2BottleMembership_NextBillingCycle -->
</testsuite> <!-- com.MGSClassic_Execution_Classes.TC_0034_Regression_MGSClassic_Change1to2BottleMembership_NextBillingCycle -->
