<?xml version="1.0" encoding="UTF-8"?>
<!-- Generated by org.testng.reporters.JUnitReportReporter -->
<testsuite skipped="0" hostname="TP-LAP0007" name="com.MGS_Execution_Classes.Test2" tests="1" failures="0" timestamp="12 Apr 2019 16:37:51 GMT" time="0.008" errors="0">
  <testcase name="testE" time="0.008" classname="com.MGS_Execution_Classes.Test2"/>
</testsuite> <!-- com.MGS_Execution_Classes.Test2 -->
