<?xml version="1.0" encoding="UTF-8"?>
<!-- Generated by org.testng.reporters.JUnitReportReporter -->
<testsuite skipped="1" hostname="TP-LAP0039" name="com.RestaurantJulyPromo.TC00003_RUI_JulyPromo_Basic" tests="2" failures="0" timestamp="28 Sep 2019 05:38:07 GMT" time="0.127" errors="1">
  <testcase name="Beforetest" time="0.127" classname="com.RestaurantJulyPromo.TC00003_RUI_JulyPromo_Basic">
    <error type="java.lang.NullPointerException">
      <![CDATA[java.lang.NullPointerException
at com.Utils.ExcelConnection.columnDictionary(ExcelConnection.java:136)
at com.Restaurant.PageData.Restaurant_SignUpPagedata.<init>(Restaurant_SignUpPagedata.java:23)
at com.RestaurantJulyPromo.TC00003_RUI_JulyPromo_Basic.Beforetest(TC00003_RUI_JulyPromo_Basic.java:38)
at sun.reflect.NativeMethodAccessorImpl.invoke0(Native Method)
at sun.reflect.NativeMethodAccessorImpl.invoke(Unknown Source)
at sun.reflect.DelegatingMethodAccessorImpl.invoke(Unknown Source)
at java.lang.reflect.Method.invoke(Unknown Source)
at org.testng.internal.MethodInvocationHelper.invokeMethod(MethodInvocationHelper.java:124)
at org.testng.internal.MethodInvocationHelper.invokeMethodConsideringTimeout(MethodInvocationHelper.java:59)
at org.testng.internal.Invoker.invokeConfigurationMethod(Invoker.java:458)
at org.testng.internal.Invoker.invokeConfigurations(Invoker.java:222)
at org.testng.internal.Invoker.invokeConfigurations(Invoker.java:142)
at org.testng.TestRunner.beforeRun(TestRunner.java:529)
at org.testng.TestRunner.run(TestRunner.java:497)
at org.testng.SuiteRunner.runTest(SuiteRunner.java:455)
at org.testng.SuiteRunner.runSequentially(SuiteRunner.java:450)
at org.testng.SuiteRunner.privateRun(SuiteRunner.java:415)
at org.testng.SuiteRunner.run(SuiteRunner.java:364)
at org.testng.SuiteRunnerWorker.runSuite(SuiteRunnerWorker.java:52)
at org.testng.SuiteRunnerWorker.run(SuiteRunnerWorker.java:84)
at org.testng.TestNG.runSuitesSequentially(TestNG.java:1208)
at org.testng.TestNG.runSuitesLocally(TestNG.java:1137)
at org.testng.TestNG.runSuites(TestNG.java:1049)
at org.testng.TestNG.run(TestNG.java:1017)
at org.testng.remote.AbstractRemoteTestNG.run(AbstractRemoteTestNG.java:115)
at org.testng.remote.RemoteTestNG.initAndRun(RemoteTestNG.java:251)
at org.testng.remote.RemoteTestNG.main(RemoteTestNG.java:77)
]]>
    </error>
  </testcase> <!-- Beforetest -->
  <testcase name="TC00001_JulyPromo_Basic" time="0.000" classname="com.RestaurantJulyPromo.TC00003_RUI_JulyPromo_Basic">
    <skipped/>
  </testcase> <!-- TC00001_JulyPromo_Basic -->
</testsuite> <!-- com.RestaurantJulyPromo.TC00003_RUI_JulyPromo_Basic -->
