<?xml version="1.0" encoding="UTF-8"?>
<!-- Generated by org.testng.reporters.JUnitReportReporter -->
<testsuite skipped="0" hostname="TP-LAP0039" name="com.MGSClassic_Execution_Classes.TC_0036_Regression_MGSClassic_Replace_PersonalizedWCCard" tests="1" failures="0" timestamp="07 Oct 2019 03:22:50 GMT" time="96.574" errors="0">
  <testcase name="TC_0036_Regression_MGSClassic_Replace_PersonalizedWCCard" time="96.574" classname="com.MGSClassic_Execution_Classes.TC_0036_Regression_MGSClassic_Replace_PersonalizedWCCard"/>
</testsuite> <!-- com.MGSClassic_Execution_Classes.TC_0036_Regression_MGSClassic_Replace_PersonalizedWCCard -->
