<?xml version="1.0" encoding="UTF-8"?>
<!-- Generated by org.testng.reporters.JUnitReportReporter -->
<testsuite skipped="0" hostname="TP-LAP0039" name="com.Restaurant_Execution_Classes.TC_0102_Regression_RUI_PutVacationHoldwithMANAGER" tests="1" failures="0" timestamp="05 Oct 2019 22:41:29 GMT" time="33.801" errors="0">
  <testcase name="TC_0102_Regression_RUI_PutVacationHoldwithMANAGER" time="33.801" classname="com.Restaurant_Execution_Classes.TC_0102_Regression_RUI_PutVacationHoldwithMANAGER"/>
</testsuite> <!-- com.Restaurant_Execution_Classes.TC_0102_Regression_RUI_PutVacationHoldwithMANAGER -->
