<?xml version="1.0" encoding="UTF-8"?>
<!-- Generated by org.testng.reporters.JUnitReportReporter -->
<testsuite skipped="0" hostname="TP-LAP0039" name="com.MGSLightning_Execution_Classes.TC_0035_Regression_MGSLightning_Change2to1BottleMembership_NextBillingCycle" tests="1" failures="0" timestamp="23 Sep 2019 06:03:52 GMT" time="118.005" errors="0">
  <testcase name="TC_0035_Regression_MGSClassic_Change2to1BottleMembership_NextBillingCycle" time="118.005" classname="com.MGSLightning_Execution_Classes.TC_0035_Regression_MGSLightning_Change2to1BottleMembership_NextBillingCycle"/>
</testsuite> <!-- com.MGSLightning_Execution_Classes.TC_0035_Regression_MGSLightning_Change2to1BottleMembership_NextBillingCycle -->
