<?xml version="1.0" encoding="UTF-8"?>
<!-- Generated by org.testng.reporters.JUnitReportReporter -->
<testsuite skipped="0" hostname="TP-LAP0039" name="com.MGSLightning_Execution_Classes.SampleTest" tests="1" failures="0" timestamp="05 Aug 2019 12:10:17 GMT" time="78.838" errors="0">
  <testcase name="lightningExecution" time="78.838" classname="com.MGSLightning_Execution_Classes.SampleTest"/>
</testsuite> <!-- com.MGSLightning_Execution_Classes.SampleTest -->
