<?xml version="1.0" encoding="UTF-8"?>
<!-- Generated by org.testng.reporters.JUnitReportReporter -->
<testsuite skipped="0" hostname="TP-LAP0039" name="com.Restaurant_Execution_Classes.TC_0073_Regression_RUI_ChangedeliveryNextBillingCyclewithSERVER" tests="1" failures="0" timestamp="05 Oct 2019 22:41:29 GMT" time="31.721" errors="0">
  <testcase name="TC_0073_Regression_RUI_ChangedeliveryNextBillingCyclewithSERVER" time="31.721" classname="com.Restaurant_Execution_Classes.TC_0073_Regression_RUI_ChangedeliveryNextBillingCyclewithSERVER"/>
</testsuite> <!-- com.Restaurant_Execution_Classes.TC_0073_Regression_RUI_ChangedeliveryNextBillingCyclewithSERVER -->
