<?xml version="1.0" encoding="UTF-8"?>
<!-- Generated by org.testng.reporters.JUnitReportReporter -->
<testsuite skipped="0" hostname="TP-LAP0039" name="com.Communities_Execution_Classes.MonthlyMember_SignUp" tests="1" failures="0" timestamp="08 Oct 2019 09:17:01 GMT" time="113.134" errors="0">
  <testcase name="CommunitiesMonthlyMemberSignUP" time="113.134" classname="com.Communities_Execution_Classes.MonthlyMember_SignUp"/>
</testsuite> <!-- com.Communities_Execution_Classes.MonthlyMember_SignUp -->
