<?xml version="1.0" encoding="UTF-8"?>
<!-- Generated by org.testng.reporters.JUnitReportReporter -->
<testsuite skipped="0" hostname="TP-LAP0039" name="com.MGSLightning_Execution_Classes.TC_0003_Regression_MGSLightning_Founder_SignUp" tests="1" failures="0" timestamp="05 Oct 2019 10:49:59 GMT" time="468.290" errors="0">
  <testcase name="LightningFounderSignUP" time="468.290" classname="com.MGSLightning_Execution_Classes.TC_0003_Regression_MGSLightning_Founder_SignUp"/>
</testsuite> <!-- com.MGSLightning_Execution_Classes.TC_0003_Regression_MGSLightning_Founder_SignUp -->
