<?xml version="1.0" encoding="UTF-8"?>
<!-- Generated by org.testng.reporters.JUnitReportReporter -->
<testsuite skipped="0" hostname="TP-LAP0039" name="com.Restaurant_Execution_Classes.TC_0130_Regression_RUI_PickUpCurrentWOMUpchargewithTRA" tests="1" failures="0" timestamp="05 Oct 2019 22:41:29 GMT" time="176.031" errors="0">
  <testcase name="TC_0055_Regression_RUI_PickUpPriorWOMUpchargewithTRA" time="176.031" classname="com.Restaurant_Execution_Classes.TC_0130_Regression_RUI_PickUpCurrentWOMUpchargewithTRA"/>
</testsuite> <!-- com.Restaurant_Execution_Classes.TC_0130_Regression_RUI_PickUpCurrentWOMUpchargewithTRA -->
