<?xml version="1.0" encoding="UTF-8"?>
<!-- Generated by org.testng.reporters.JUnitReportReporter -->
<testsuite skipped="0" hostname="00-PARIGUE" name="com.MGS_Execution_Classes.ClassicPromotion_SignUp" tests="1" failures="0" timestamp="15 Mar 2019 19:13:10 GMT" time="897.746" errors="0">
  <testcase name="PromotionSignUP" time="897.746" classname="com.MGS_Execution_Classes.ClassicPromotion_SignUp"/>
</testsuite> <!-- com.MGS_Execution_Classes.ClassicPromotion_SignUp -->
