<?xml version="1.0" encoding="UTF-8"?>
<!-- Generated by org.testng.reporters.JUnitReportReporter -->
<testsuite skipped="0" hostname="TP-LAP0039" name="com.Communities_Execution_Classes.TC0009_Regression_Communities_MonthlyMember_Change2to1BottleImmediately" tests="1" failures="0" timestamp="08 Oct 2019 09:17:01 GMT" time="91.746" errors="0">
  <testcase name="TC0009_Regression_Communities_MonthlyMember_Change2to1BottleImmediately" time="91.746" classname="com.Communities_Execution_Classes.TC0009_Regression_Communities_MonthlyMember_Change2to1BottleImmediately"/>
</testsuite> <!-- com.Communities_Execution_Classes.TC0009_Regression_Communities_MonthlyMember_Change2to1BottleImmediately -->
