<?xml version="1.0" encoding="UTF-8"?>
<!-- Generated by org.testng.reporters.JUnitReportReporter -->
<testsuite skipped="0" hostname="TP-LAP0039" name="com.MGSClassic_Execution_Classes.TC_0008_Regression_MGSClassic_Gift_Activate" tests="1" failures="0" timestamp="07 Oct 2019 03:22:49 GMT" time="91.100" errors="0">
  <testcase name="TC_0008_Regression_MGS_Gift_Activate" time="91.100" classname="com.MGSClassic_Execution_Classes.TC_0008_Regression_MGSClassic_Gift_Activate"/>
</testsuite> <!-- com.MGSClassic_Execution_Classes.TC_0008_Regression_MGSClassic_Gift_Activate -->
