<?xml version="1.0" encoding="UTF-8"?>
<!-- Generated by org.testng.reporters.JUnitReportReporter -->
<testsuite skipped="0" hostname="TP-LAP0039" name="com.Restaurant_Execution_Classes.TC_0097_Regression_RUI_Changefrom2to1bottlemembershipNextBillingCyclewithSERVER" tests="1" failures="0" timestamp="05 Oct 2019 22:41:30 GMT" time="32.002" errors="0">
  <testcase name="TC_0097_Regression_RUI_Changefrom2to1bottlemembershipNextBillingCyclewithSERVER" time="32.002" classname="com.Restaurant_Execution_Classes.TC_0097_Regression_RUI_Changefrom2to1bottlemembershipNextBillingCyclewithSERVER"/>
</testsuite> <!-- com.Restaurant_Execution_Classes.TC_0097_Regression_RUI_Changefrom2to1bottlemembershipNextBillingCyclewithSERVER -->
