<?xml version="1.0" encoding="UTF-8"?>
<!-- Generated by org.testng.reporters.JUnitReportReporter -->
<testsuite skipped="0" hostname="TP-LAP0039" name="com.Restaurant_Execution_Classes.TC_0028_Regression_RUI_ReplacePersonalizedWCCardwithBARTENDER" tests="1" failures="0" timestamp="09 Oct 2019 11:24:29 GMT" time="42.587" errors="0">
  <testcase name="TC_0028_Regression_RUI_ReplacePersonalizedWCCardwithBARTENDER" time="42.587" classname="com.Restaurant_Execution_Classes.TC_0028_Regression_RUI_ReplacePersonalizedWCCardwithBARTENDER"/>
</testsuite> <!-- com.Restaurant_Execution_Classes.TC_0028_Regression_RUI_ReplacePersonalizedWCCardwithBARTENDER -->
