<?xml version="1.0" encoding="UTF-8"?>
<!-- Generated by org.testng.reporters.JUnitReportReporter -->
<testsuite skipped="0" hostname="TP-LAP0039" name="com.Restaurant_Execution_Classes.RestaurantMonthly_SignUP" tests="1" failures="0" timestamp="13 Sep 2019 11:55:20 GMT" time="44.239" errors="0">
  <testcase name="RestaurantMonthly_SignUP" time="44.239" classname="com.Restaurant_Execution_Classes.RestaurantMonthly_SignUP"/>
</testsuite> <!-- com.Restaurant_Execution_Classes.RestaurantMonthly_SignUP -->
