<?xml version="1.0" encoding="UTF-8"?>
<!-- Generated by org.testng.reporters.JUnitReportReporter -->
<testsuite skipped="0" hostname="TP-LAP0039" name="com.Restaurant_Execution_Classes.TC_0127_Regression_RUI_RejoinMember" tests="1" failures="0" timestamp="14 Aug 2019 17:51:03 GMT" time="24.611" errors="0">
  <testcase name="TC_0127_Regression_RUI_RejoinMember" time="24.611" classname="com.Restaurant_Execution_Classes.TC_0127_Regression_RUI_RejoinMember"/>
</testsuite> <!-- com.Restaurant_Execution_Classes.TC_0127_Regression_RUI_RejoinMember -->
