<?xml version="1.0" encoding="UTF-8"?>
<!-- Generated by org.testng.reporters.JUnitReportReporter -->
<testsuite skipped="0" hostname="TP-LAP0039" name="com.MGSLightning_Execution_Classes.TC_0036_Regression_MGSLightning_Replace_PersonalizedWCCard" tests="1" failures="0" timestamp="23 Sep 2019 07:41:11 GMT" time="99.330" errors="0">
  <testcase name="TC_0036_Regression_MGSLightning_Replace_PersonalizedWCCard" time="99.330" classname="com.MGSLightning_Execution_Classes.TC_0036_Regression_MGSLightning_Replace_PersonalizedWCCard"/>
</testsuite> <!-- com.MGSLightning_Execution_Classes.TC_0036_Regression_MGSLightning_Replace_PersonalizedWCCard -->
