<?xml version="1.0" encoding="UTF-8"?>
<!-- Generated by org.testng.reporters.JUnitReportReporter -->
<testsuite skipped="0" hostname="TP-LAP0039" name="com.MGSLightning_Execution_Classes.TC_0031_Regression_MGSLightning_ChangeClubTypeImmediately_IncreasedCost" tests="1" failures="0" timestamp="2019-10-11T09:18:44 CDT" time="128.391" errors="0">
  <testcase name="TC_0031_Regression_MGSClassic_ChangeClubTypeImmediately_IncreasedCost" time="128.391" classname="com.MGSLightning_Execution_Classes.TC_0031_Regression_MGSLightning_ChangeClubTypeImmediately_IncreasedCost"/>
</testsuite> <!-- com.MGSLightning_Execution_Classes.TC_0031_Regression_MGSLightning_ChangeClubTypeImmediately_IncreasedCost -->
