<?xml version="1.0" encoding="UTF-8"?>
<!-- Generated by org.testng.reporters.JUnitReportReporter -->
<testsuite skipped="0" hostname="00-PARIGUE" name="com.MGS_Execution_Classes.LightningGiftMember_SignUp" tests="1" failures="0" timestamp="01 Apr 2019 16:11:28 GMT" time="2511.500" errors="0">
  <testcase name="LightningFounderSignUP" time="2511.500" classname="com.MGS_Execution_Classes.LightningGiftMember_SignUp"/>
</testsuite> <!-- com.MGS_Execution_Classes.LightningGiftMember_SignUp -->
