<?xml version="1.0" encoding="UTF-8"?>
<!-- Generated by org.testng.reporters.JUnitReportReporter -->
<testsuite skipped="0" hostname="TP-LAP0039" name="com.MGSLightning_Execution_Classes.TC_0008_Regression_MGSLightning_Gift_Activate" tests="1" failures="0" timestamp="04 Oct 2019 15:22:12 GMT" time="278.998" errors="0">
  <testcase name="TC_0008_Regression_MGSLightning_Gift_Activate" time="278.998" classname="com.MGSLightning_Execution_Classes.TC_0008_Regression_MGSLightning_Gift_Activate"/>
</testsuite> <!-- com.MGSLightning_Execution_Classes.TC_0008_Regression_MGSLightning_Gift_Activate -->
