<?xml version="1.0" encoding="UTF-8"?>
<!-- Generated by org.testng.reporters.JUnitReportReporter -->
<testsuite skipped="0" hostname="TP-LAP0039" name="com.MGSLightning_Execution_Classes.TC_0002_Regression_MGSLightning_GiftMember_SignUp" tests="1" failures="0" timestamp="05 Oct 2019 11:38:59 GMT" time="399.872" errors="0">
  <testcase name="LightningFounderSignUP" time="399.872" classname="com.MGSLightning_Execution_Classes.TC_0002_Regression_MGSLightning_GiftMember_SignUp"/>
</testsuite> <!-- com.MGSLightning_Execution_Classes.TC_0002_Regression_MGSLightning_GiftMember_SignUp -->
