<?xml version="1.0" encoding="UTF-8"?>
<!-- Generated by org.testng.reporters.JUnitReportReporter -->
<testsuite skipped="0" hostname="TP-LAP0039" name="com.Communities_Execution_Classes.TC0007_Regression_Communities_MonthlyMember_MemberSignatureOptIn" tests="1" failures="0" timestamp="08 Oct 2019 09:17:01 GMT" time="28.170" errors="0">
  <testcase name="TC0007_Regression_Communities_MonthlyMember_MemberSignatureOptIn" time="28.170" classname="com.Communities_Execution_Classes.TC0007_Regression_Communities_MonthlyMember_MemberSignatureOptIn"/>
</testsuite> <!-- com.Communities_Execution_Classes.TC0007_Regression_Communities_MonthlyMember_MemberSignatureOptIn -->
