<?xml version="1.0" encoding="UTF-8"?>
<!-- Generated by org.testng.reporters.JUnitReportReporter -->
<testsuite skipped="0" hostname="TP-LAP0039" name="com.Restaurant_Execution_Classes.TC_0120_Regression_RUI_ConvertgiftmembershipbeforeexpiringwithBartender" tests="1" failures="0" timestamp="02 Oct 2019 14:37:21 GMT" time="1214.952" errors="0">
  <testcase name="TC_0120_Regression_RUI_ConvertgiftmembershipbeforeexpiringwithBartender" time="1214.952" classname="com.Restaurant_Execution_Classes.TC_0120_Regression_RUI_ConvertgiftmembershipbeforeexpiringwithBartender"/>
</testsuite> <!-- com.Restaurant_Execution_Classes.TC_0120_Regression_RUI_ConvertgiftmembershipbeforeexpiringwithBartender -->
