<?xml version="1.0" encoding="UTF-8"?>
<!-- Generated by org.testng.reporters.JUnitReportReporter -->
<testsuite skipped="0" hostname="TP-LAP0039" name="com.MGSLightning_Execution_Classes.TC_0006_Regression_MGSLightning_Complimentary_SignUp" tests="1" failures="0" timestamp="05 Oct 2019 14:01:54 GMT" time="388.584" errors="0">
  <testcase name="LightningComplimentarySignUP" time="388.584" classname="com.MGSLightning_Execution_Classes.TC_0006_Regression_MGSLightning_Complimentary_SignUp"/>
</testsuite> <!-- com.MGSLightning_Execution_Classes.TC_0006_Regression_MGSLightning_Complimentary_SignUp -->
