<?xml version="1.0" encoding="UTF-8"?>
<!-- Generated by org.testng.reporters.JUnitReportReporter -->
<testsuite skipped="0" hostname="TP-LAP0039" name="com.MGSClassic_Execution_Classes.TC_0037_Regression_MGSClassic_Add_Notes_NoteSection" tests="1" failures="0" timestamp="07 Oct 2019 03:22:49 GMT" time="97.891" errors="0">
  <testcase name="TC_0037_Regression_MGSClassic_Add_Notes_NoteSection" time="97.891" classname="com.MGSClassic_Execution_Classes.TC_0037_Regression_MGSClassic_Add_Notes_NoteSection"/>
</testsuite> <!-- com.MGSClassic_Execution_Classes.TC_0037_Regression_MGSClassic_Add_Notes_NoteSection -->
