<?xml version="1.0" encoding="UTF-8"?>
<!-- Generated by org.testng.reporters.JUnitReportReporter -->
<testsuite skipped="0" hostname="TP-LAP0039" name="com.MGSLightning_Execution_Classes.TC_0037_Regression_MGSLightning_Add_Notes_NoteSection" tests="1" failures="0" timestamp="23 Sep 2019 07:43:35 GMT" time="97.976" errors="0">
  <testcase name="TC_0037_Regression_MGSLightning_Add_Notes_NoteSection" time="97.976" classname="com.MGSLightning_Execution_Classes.TC_0037_Regression_MGSLightning_Add_Notes_NoteSection"/>
</testsuite> <!-- com.MGSLightning_Execution_Classes.TC_0037_Regression_MGSLightning_Add_Notes_NoteSection -->
