<?xml version="1.0" encoding="UTF-8"?>
<!-- Generated by org.testng.reporters.JUnitReportReporter -->
<testsuite skipped="0" hostname="TP-LAP0039" name="com.MGSLightning_Execution_Classes.TC_0039_Regression_MGSLightning_PutVacationHold_Membership" tests="1" failures="0" timestamp="23 Sep 2019 07:48:50 GMT" time="101.672" errors="0">
  <testcase name="TC_0039_Regression_MGSLightning_PutVacationHold_Membership" time="101.672" classname="com.MGSLightning_Execution_Classes.TC_0039_Regression_MGSLightning_PutVacationHold_Membership"/>
</testsuite> <!-- com.MGSLightning_Execution_Classes.TC_0039_Regression_MGSLightning_PutVacationHold_Membership -->
