<?xml version="1.0" encoding="UTF-8"?>
<!-- Generated by org.testng.reporters.JUnitReportReporter -->
<testsuite skipped="0" hostname="TP-LAP0039" name="com.MGSClassic_Execution_Classes.TC_0003_Regression_MGSClassic_Founder_SignUp" tests="1" failures="0" timestamp="07 Oct 2019 03:22:52 GMT" time="122.589" errors="0">
  <testcase name="FounderSignUP" time="122.589" classname="com.MGSClassic_Execution_Classes.TC_0003_Regression_MGSClassic_Founder_SignUp"/>
</testsuite> <!-- com.MGSClassic_Execution_Classes.TC_0003_Regression_MGSClassic_Founder_SignUp -->
