<?xml version="1.0" encoding="UTF-8"?>
<!-- Generated by org.testng.reporters.JUnitReportReporter -->
<testsuite skipped="0" hostname="TP-LAP0039" name="com.MGSLightning_Execution_Classes.TC_0015_Regression_MGSClassic_Markoff_Tasting" tests="1" failures="0" timestamp="12 Aug 2019 15:04:19 GMT" time="109.029" errors="0">
  <testcase name="TC_0015_Regression_MGS_Markoff_Tasting" time="109.029" classname="com.MGSLightning_Execution_Classes.TC_0015_Regression_MGSClassic_Markoff_Tasting"/>
</testsuite> <!-- com.MGSLightning_Execution_Classes.TC_0015_Regression_MGSClassic_Markoff_Tasting -->
