<?xml version="1.0" encoding="UTF-8"?>
<!-- Generated by org.testng.reporters.JUnitReportReporter -->
<testsuite skipped="0" hostname="TP-LAP0039" name="com.Restaurant_Execution_Classes.TC_0074_Regression_RUI_ChangedeliveryNextBillingCyclewithMANAGER" tests="1" failures="0" timestamp="05 Oct 2019 22:41:30 GMT" time="31.782" errors="0">
  <testcase name="TC_0074_Regression_RUI_ChangedeliveryNextBillingCyclewithMANAGER" time="31.782" classname="com.Restaurant_Execution_Classes.TC_0074_Regression_RUI_ChangedeliveryNextBillingCyclewithMANAGER"/>
</testsuite> <!-- com.Restaurant_Execution_Classes.TC_0074_Regression_RUI_ChangedeliveryNextBillingCyclewithMANAGER -->
