<?xml version="1.0" encoding="UTF-8"?>
<!-- Generated by org.testng.reporters.JUnitReportReporter -->
<testsuite skipped="0" hostname="TP-LAP0039" name="com.MGSClassic_Execution_Classes.TC_0016_Regression_MGSClassic_Add_LoyaltyPoints" tests="1" failures="0" timestamp="07 Oct 2019 03:22:50 GMT" time="100.214" errors="0">
  <testcase name="TC_0016_Regression_MGS_Add_LoyaltyPoints" time="100.214" classname="com.MGSClassic_Execution_Classes.TC_0016_Regression_MGSClassic_Add_LoyaltyPoints"/>
</testsuite> <!-- com.MGSClassic_Execution_Classes.TC_0016_Regression_MGSClassic_Add_LoyaltyPoints -->
