<?xml version="1.0" encoding="UTF-8"?>
<!-- Generated by org.testng.reporters.JUnitReportReporter -->
<testsuite skipped="0" hostname="TP-LAP0039" name="com.MGSClassic_Execution_Classes.TC_0041_Regression_MGSClassic_Update_ContactInformation" tests="1" failures="0" timestamp="07 Oct 2019 03:22:49 GMT" time="160.082" errors="0">
  <testcase name="TC_0041_Regression_MGSClassic_Update_ContactInformation" time="160.082" classname="com.MGSClassic_Execution_Classes.TC_0041_Regression_MGSClassic_Update_ContactInformation"/>
</testsuite> <!-- com.MGSClassic_Execution_Classes.TC_0041_Regression_MGSClassic_Update_ContactInformation -->
