<?xml version="1.0" encoding="UTF-8"?>
<!-- Generated by org.testng.reporters.JUnitReportReporter -->
<testsuite skipped="0" hostname="TP-LAP0039" name="com.MGSLightning_Execution_Classes.TC_0021_Regression_MGSLightning_Pickup_CurrentWOMwithNoupcharge_card" tests="1" failures="0" timestamp="04 Oct 2019 16:08:03 GMT" time="136.411" errors="0">
  <testcase name="TC_0021_Regression_MGS_Pickup_CurrentWOMwithNoupcharge_card" time="136.411" classname="com.MGSLightning_Execution_Classes.TC_0021_Regression_MGSLightning_Pickup_CurrentWOMwithNoupcharge_card"/>
</testsuite> <!-- com.MGSLightning_Execution_Classes.TC_0021_Regression_MGSLightning_Pickup_CurrentWOMwithNoupcharge_card -->
