<?xml version="1.0" encoding="UTF-8"?>
<!-- Generated by org.testng.reporters.JUnitReportReporter -->
<testsuite skipped="0" hostname="TP-LAP0039" name="com.Restaurant_Execution_Classes.TC_0105_Regression_RUI_NotAbletoMarkOffTastingwithSERVER" tests="1" failures="0" timestamp="05 Oct 2019 22:41:30 GMT" time="10.731" errors="0">
  <testcase name="TC_0105_Regression_RUI_NotAbletoMarkOffTastingwithSERVER" time="10.731" classname="com.Restaurant_Execution_Classes.TC_0105_Regression_RUI_NotAbletoMarkOffTastingwithSERVER"/>
</testsuite> <!-- com.Restaurant_Execution_Classes.TC_0105_Regression_RUI_NotAbletoMarkOffTastingwithSERVER -->
