<?xml version="1.0" encoding="UTF-8"?>
<!-- Generated by org.testng.reporters.JUnitReportReporter -->
<testsuite skipped="0" hostname="TP-LAP0039" name="com.Communities_Execution_Classes.TC0005_Regression_Communities_MonthlyMember_ClearUTP" tests="1" failures="0" timestamp="08 Oct 2019 09:17:01 GMT" time="45.215" errors="0">
  <testcase name="TC0004_Regression_Communities_MonthlyMember_UpdateCard" time="45.215" classname="com.Communities_Execution_Classes.TC0005_Regression_Communities_MonthlyMember_ClearUTP"/>
</testsuite> <!-- com.Communities_Execution_Classes.TC0005_Regression_Communities_MonthlyMember_ClearUTP -->
