<?xml version="1.0" encoding="UTF-8"?>
<!-- Generated by org.testng.reporters.JUnitReportReporter -->
<testsuite skipped="0" hostname="TP-LAP0039" name="com.MGSLightning_Execution_Classes.TC_0022_Regression_MGSLightning_Pickup_priorWOMwithUpcharge_card" tests="1" failures="0" timestamp="04 Oct 2019 16:12:21 GMT" time="134.489" errors="0">
  <testcase name="TC_0023_Regression_MGS_Pickup_priorWOMwithUpcharge_card" time="134.489" classname="com.MGSLightning_Execution_Classes.TC_0022_Regression_MGSLightning_Pickup_priorWOMwithUpcharge_card"/>
</testsuite> <!-- com.MGSLightning_Execution_Classes.TC_0022_Regression_MGSLightning_Pickup_priorWOMwithUpcharge_card -->
