<?xml version="1.0" encoding="UTF-8"?>
<!-- Generated by org.testng.reporters.JUnitReportReporter -->
<testsuite skipped="0" hostname="TP-LAP0039" name="com.Restaurant_Execution_Classes.TC_0121_Regression_RUI_ConvertgiftmembershipbeforeexpiringwithServer" tests="1" failures="0" timestamp="02 Oct 2019 14:37:22 GMT" time="1226.860" errors="0">
  <testcase name="TC_0121_Regression_RUI_ConvertgiftmembershipbeforeexpiringwithServer" time="1226.860" classname="com.Restaurant_Execution_Classes.TC_0121_Regression_RUI_ConvertgiftmembershipbeforeexpiringwithServer"/>
</testsuite> <!-- com.Restaurant_Execution_Classes.TC_0121_Regression_RUI_ConvertgiftmembershipbeforeexpiringwithServer -->
