<?xml version="1.0" encoding="UTF-8"?>
<!-- Generated by org.testng.reporters.JUnitReportReporter -->
<testsuite skipped="0" hostname="00-PARIGUE" name="com.MGS_Execution_Classes.LightningMonthlyMember_SignUp" tests="1" failures="0" timestamp="01 Apr 2019 16:33:15 GMT" time="1281.818" errors="0">
  <testcase name="LightningMonthlyMemberSignUP" time="1281.818" classname="com.MGS_Execution_Classes.LightningMonthlyMember_SignUp"/>
</testsuite> <!-- com.MGS_Execution_Classes.LightningMonthlyMember_SignUp -->
