<?xml version="1.0" encoding="UTF-8"?>
<!-- Generated by org.testng.reporters.JUnitReportReporter -->
<testsuite skipped="0" hostname="TP-LAP0039" name="com.Communities_Execution_Classes.TC0001_Regression_Communities_MonthlyMemberLogin" tests="1" failures="0" timestamp="08 Oct 2019 09:17:01 GMT" time="20.674" errors="0">
  <testcase name="TC0001_Regression_Communities_MonthlyMemberLogin" time="20.674" classname="com.Communities_Execution_Classes.TC0001_Regression_Communities_MonthlyMemberLogin"/>
</testsuite> <!-- com.Communities_Execution_Classes.TC0001_Regression_Communities_MonthlyMemberLogin -->
