<?xml version="1.0" encoding="UTF-8"?>
<!-- Generated by org.testng.reporters.JUnitReportReporter -->
<testsuite skipped="0" hostname="TP-LAP0039" name="com.Restaurant_Execution_Classes.TC_0082_Regression_RUI_ChangeClubtypeNextBillingcycleIncreasedcostwithMANAGER" tests="1" failures="0" timestamp="05 Oct 2019 22:41:30 GMT" time="32.935" errors="0">
  <testcase name="TC_0082_Regression_RUI_ChangeClubtypeNextBillingcycleIncreasedcostwithMANAGER" time="32.935" classname="com.Restaurant_Execution_Classes.TC_0082_Regression_RUI_ChangeClubtypeNextBillingcycleIncreasedcostwithMANAGER"/>
</testsuite> <!-- com.Restaurant_Execution_Classes.TC_0082_Regression_RUI_ChangeClubtypeNextBillingcycleIncreasedcostwithMANAGER -->
