<?xml version="1.0" encoding="UTF-8"?>
<!-- Generated by org.testng.reporters.JUnitReportReporter -->
<testsuite skipped="0" hostname="TP-LAP0039" name="com.MGSClassic_Execution_Classes.TC_0027_Regression_MGSClassic_ChangeDeliveryNextBillingCycle" tests="1" failures="0" timestamp="07 Oct 2019 03:22:48 GMT" time="120.713" errors="0">
  <testcase name="TC_0027_Regression_MGSClassic_ChangeDeliveryNextBillingCycle" time="120.713" classname="com.MGSClassic_Execution_Classes.TC_0027_Regression_MGSClassic_ChangeDeliveryNextBillingCycle"/>
</testsuite> <!-- com.MGSClassic_Execution_Classes.TC_0027_Regression_MGSClassic_ChangeDeliveryNextBillingCycle -->
