<?xml version="1.0" encoding="UTF-8"?>
<!-- Generated by org.testng.reporters.JUnitReportReporter -->
<testsuite skipped="0" hostname="TP-LAP0039" name="com.MGSClassic_Execution_Classes.TC_0022_Regression_MGSClassic_Pickup_priorWOMwithUpcharge_card" tests="1" failures="0" timestamp="07 Oct 2019 03:22:54 GMT" time="312.073" errors="0">
  <testcase name="TC_0023_Regression_MGS_Pickup_priorWOMwithUpcharge_card" time="312.073" classname="com.MGSClassic_Execution_Classes.TC_0022_Regression_MGSClassic_Pickup_priorWOMwithUpcharge_card"/>
</testsuite> <!-- com.MGSClassic_Execution_Classes.TC_0022_Regression_MGSClassic_Pickup_priorWOMwithUpcharge_card -->
