<?xml version="1.0" encoding="UTF-8"?>
<!-- Generated by org.testng.reporters.JUnitReportReporter -->
<testsuite skipped="0" hostname="TP-LAP0039" name="com.MGSLightning_Execution_Classes.TC_0029_Regression_MGSLightning_ChangeClubTypeImmediately_DecreasedCost" tests="1" failures="0" timestamp="09 Oct 2019 13:15:01 GMT" time="144.975" errors="0">
  <testcase name="TC_0028_Regression_MGSClassic_ChangeClubTypeNextBillingCycle_DecreasedCost" time="144.975" classname="com.MGSLightning_Execution_Classes.TC_0029_Regression_MGSLightning_ChangeClubTypeImmediately_DecreasedCost"/>
</testsuite> <!-- com.MGSLightning_Execution_Classes.TC_0029_Regression_MGSLightning_ChangeClubTypeImmediately_DecreasedCost -->
