<?xml version="1.0" encoding="UTF-8"?>
<!-- Generated by org.testng.reporters.JUnitReportReporter -->
<testsuite skipped="0" hostname="TP-LAP0039" name="com.MGSLightning_Execution_Classes.TC_0041_Regression_MGSLightning_Update_ContactInformation" tests="1" failures="0" timestamp="23 Sep 2019 07:46:03 GMT" time="102.318" errors="0">
  <testcase name="TC_0041_Regression_MGSClassic_Update_ContactInformation" time="102.318" classname="com.MGSLightning_Execution_Classes.TC_0041_Regression_MGSLightning_Update_ContactInformation"/>
</testsuite> <!-- com.MGSLightning_Execution_Classes.TC_0041_Regression_MGSLightning_Update_ContactInformation -->
