<?xml version="1.0" encoding="UTF-8"?>
<!-- Generated by org.testng.reporters.JUnitReportReporter -->
<testsuite skipped="0" hostname="TP-LAP0039" name="com.MGSClassic_Execution_Classes.TC_0029_Regression_MGSClassic_ChangeClubTypeImmediately_DecreasedCost" tests="1" failures="0" timestamp="07 Oct 2019 03:22:50 GMT" time="92.975" errors="0">
  <testcase name="TC_0028_Regression_MGSClassic_ChangeClubTypeNextBillingCycle_DecreasedCost" time="92.975" classname="com.MGSClassic_Execution_Classes.TC_0029_Regression_MGSClassic_ChangeClubTypeImmediately_DecreasedCost"/>
</testsuite> <!-- com.MGSClassic_Execution_Classes.TC_0029_Regression_MGSClassic_ChangeClubTypeImmediately_DecreasedCost -->
