<?xml version="1.0" encoding="UTF-8"?>
<!-- Generated by org.testng.reporters.JUnitReportReporter -->
<testsuite skipped="0" hostname="TP-LAP0039" name="com.MGSClassic_Execution_Classes.TC_0024_Regression_MGS_Swap_2WOMsfor1Lux" tests="1" failures="0" timestamp="07 Oct 2019 03:22:52 GMT" time="179.126" errors="0">
  <testcase name="TC_0024_Regression_MGS_Swap_2WOMsfor1Lux" time="179.126" classname="com.MGSClassic_Execution_Classes.TC_0024_Regression_MGS_Swap_2WOMsfor1Lux"/>
</testsuite> <!-- com.MGSClassic_Execution_Classes.TC_0024_Regression_MGS_Swap_2WOMsfor1Lux -->
