<?xml version="1.0" encoding="UTF-8"?>
<!-- Generated by org.testng.reporters.JUnitReportReporter -->
<testsuite skipped="0" hostname="TP-LAP0039" name="com.Restaurant_Execution_Classes.TC_0007_Regression_RUI_SignUpGiftTRA" tests="1" failures="0" timestamp="05 Oct 2019 22:41:29 GMT" time="75.373" errors="0">
  <testcase name="TC_007_Regression_RUI_SignUpGiftTRA" time="75.373" classname="com.Restaurant_Execution_Classes.TC_0007_Regression_RUI_SignUpGiftTRA"/>
</testsuite> <!-- com.Restaurant_Execution_Classes.TC_0007_Regression_RUI_SignUpGiftTRA -->
