<?xml version="1.0" encoding="UTF-8"?>
<!-- Generated by org.testng.reporters.JUnitReportReporter -->
<testsuite skipped="0" hostname="TP-LAP0039" name="com.MGSLightning_Execution_Classes.TC_0026_Regression_MGSLightning_convertGifttoMonthlyMembershipafterExpiry" tests="1" failures="0" timestamp="04 Oct 2019 16:46:49 GMT" time="159.979" errors="0">
  <testcase name="TC_0026_Regression_MGSClassic_convertGifttoMonthlyMembershipafterExpiry" time="159.979" classname="com.MGSLightning_Execution_Classes.TC_0026_Regression_MGSLightning_convertGifttoMonthlyMembershipafterExpiry"/>
</testsuite> <!-- com.MGSLightning_Execution_Classes.TC_0026_Regression_MGSLightning_convertGifttoMonthlyMembershipafterExpiry -->
