<?xml version="1.0" encoding="UTF-8"?>
<!-- Generated by org.testng.reporters.JUnitReportReporter -->
<testsuite skipped="0" hostname="00-PARIGUE" name="com.MGS_Execution_Classes.ClassicCoopersHawkCares_SignUp" tests="1" failures="0" timestamp="01 Apr 2019 14:15:31 GMT" time="47.587" errors="0">
  <testcase name="CoopersHawkCaresSignUP" time="47.587" classname="com.MGS_Execution_Classes.ClassicCoopersHawkCares_SignUp"/>
</testsuite> <!-- com.MGS_Execution_Classes.ClassicCoopersHawkCares_SignUp -->
