<?xml version="1.0" encoding="UTF-8"?>
<!-- Generated by org.testng.reporters.JUnitReportReporter -->
<testsuite skipped="0" hostname="TP-LAP0039" name="com.Communities_Execution_Classes.TC0003_Regression_Communities_MonthlyMember_Rejoin" tests="1" failures="0" timestamp="14 Aug 2019 20:13:18 GMT" time="9.841" errors="0">
  <testcase name="TC0003_Regression_Communities_MonthlyMember_Rejoin" time="9.841" classname="com.Communities_Execution_Classes.TC0003_Regression_Communities_MonthlyMember_Rejoin"/>
</testsuite> <!-- com.Communities_Execution_Classes.TC0003_Regression_Communities_MonthlyMember_Rejoin -->
