<?xml version="1.0" encoding="UTF-8"?>
<!-- Generated by org.testng.reporters.JUnitReportReporter -->
<testsuite skipped="0" hostname="00-PARIGUE" name="com.MGS_Execution_Classes.LightningComplimentary_SignUp" tests="1" failures="0" timestamp="01 Apr 2019 15:23:35 GMT" time="543.927" errors="0">
  <testcase name="LightningComplimentarySignUP" time="543.927" classname="com.MGS_Execution_Classes.LightningComplimentary_SignUp"/>
</testsuite> <!-- com.MGS_Execution_Classes.LightningComplimentary_SignUp -->
