<?xml version="1.0" encoding="UTF-8"?>
<!-- Generated by org.testng.reporters.JUnitReportReporter -->
<testsuite skipped="0" hostname="TP-LAP0039" name="com.Restaurant_Execution_Classes.TC_0131_Regression_RUI_PickUpCurrentWOMUpchargewithBARTENDER" tests="1" failures="0" timestamp="02 Oct 2019 14:37:22 GMT" time="173.404" errors="0">
  <testcase name="TC_0056_Regression_RUI_PickUpPriorWOMUpchargewithBARTENDER" time="173.404" classname="com.Restaurant_Execution_Classes.TC_0131_Regression_RUI_PickUpCurrentWOMUpchargewithBARTENDER"/>
</testsuite> <!-- com.Restaurant_Execution_Classes.TC_0131_Regression_RUI_PickUpCurrentWOMUpchargewithBARTENDER -->
