<?xml version="1.0" encoding="UTF-8"?>
<!-- Generated by org.testng.reporters.JUnitReportReporter -->
<testsuite skipped="0" hostname="TP-LAP0039" name="com.MGSLightning_Execution_Classes.TC_0018_Regression_MGSLightning_MemberSignature_OptIn" tests="1" failures="0" timestamp="04 Oct 2019 15:56:02 GMT" time="152.320" errors="0">
  <testcase name="TC_0018_Regression_MGS_MemberSignature_OptIn" time="152.320" classname="com.MGSLightning_Execution_Classes.TC_0018_Regression_MGSLightning_MemberSignature_OptIn"/>
</testsuite> <!-- com.MGSLightning_Execution_Classes.TC_0018_Regression_MGSLightning_MemberSignature_OptIn -->
