<?xml version="1.0" encoding="UTF-8"?>
<!-- Generated by org.testng.reporters.JUnitReportReporter -->
<testsuite skipped="0" hostname="TP-LAP0039" name="com.MGSClassic_Execution_Classes.TC_0014_Regression_MGSClassic_Clear_DeclineStatus" tests="1" failures="0" timestamp="07 Oct 2019 03:22:51 GMT" time="104.030" errors="0">
  <testcase name="TC_0014_Regression_MGS_Clear_DeclineStatus" time="104.030" classname="com.MGSClassic_Execution_Classes.TC_0014_Regression_MGSClassic_Clear_DeclineStatus"/>
</testsuite> <!-- com.MGSClassic_Execution_Classes.TC_0014_Regression_MGSClassic_Clear_DeclineStatus -->
