<?xml version="1.0" encoding="UTF-8"?>
<!-- Generated by org.testng.reporters.JUnitReportReporter -->
<testsuite skipped="0" hostname="TP-LAP0039" name="com.MGSLightning_Execution_Classes.TC_0034_Regression_MGSLightning_Change1to2BottleMembership_NextBillingCycle" tests="1" failures="0" timestamp="23 Sep 2019 06:00:15 GMT" time="99.095" errors="0">
  <testcase name="TC_0034_Regression_MGSClassic_Change1to2BottleMembership_NextBillingCycle" time="99.095" classname="com.MGSLightning_Execution_Classes.TC_0034_Regression_MGSLightning_Change1to2BottleMembership_NextBillingCycle"/>
</testsuite> <!-- com.MGSLightning_Execution_Classes.TC_0034_Regression_MGSLightning_Change1to2BottleMembership_NextBillingCycle -->
