<?xml version="1.0" encoding="UTF-8"?>
<!-- Generated by org.testng.reporters.JUnitReportReporter -->
<testsuite skipped="0" hostname="TP-LAP0039" name="com.MGSLightning_Execution_Classes.TC_0023_Regression_MGSLightning_Pickup_CurrentWOMwithUpcharge_card" tests="1" failures="0" timestamp="04 Oct 2019 16:23:31 GMT" time="137.340" errors="0">
  <testcase name="TC_0024_Regression_MGS_Pickup_CurrentWOMwithUpcharge_card" time="137.340" classname="com.MGSLightning_Execution_Classes.TC_0023_Regression_MGSLightning_Pickup_CurrentWOMwithUpcharge_card"/>
</testsuite> <!-- com.MGSLightning_Execution_Classes.TC_0023_Regression_MGSLightning_Pickup_CurrentWOMwithUpcharge_card -->
