<?xml version="1.0" encoding="UTF-8"?>
<!-- Generated by org.testng.reporters.JUnitReportReporter -->
<testsuite skipped="0" hostname="TP-LAP0039" name="com.MGSClassic_Execution_Classes.TC_0039_Regression_MGSClassic_PutVacationHold_Membership" tests="1" failures="0" timestamp="07 Oct 2019 03:22:52 GMT" time="140.767" errors="0">
  <testcase name="TC_0039_Regression_MGSClassic_PutVacationHold_Membership" time="140.767" classname="com.MGSClassic_Execution_Classes.TC_0039_Regression_MGSClassic_PutVacationHold_Membership"/>
</testsuite> <!-- com.MGSClassic_Execution_Classes.TC_0039_Regression_MGSClassic_PutVacationHold_Membership -->
