<?xml version="1.0" encoding="UTF-8"?>
<!-- Generated by org.testng.reporters.JUnitReportReporter -->
<testsuite skipped="0" hostname="TP-LAP0039" name="com.MGSClassic_Execution_Classes.TC_0007_Regression_MGSClassic_Monthly_Activate" tests="2" failures="0" timestamp="07 Oct 2019 03:22:51 GMT" time="90.565" errors="0">
  <testcase name="testB" time="0.000" classname="com.MGSClassic_Execution_Classes.TC_0007_Regression_MGSClassic_Monthly_Activate"/>
  <testcase name="TC_007_Regression_MGS_Monthly_Activate" time="90.565" classname="com.MGSClassic_Execution_Classes.TC_0007_Regression_MGSClassic_Monthly_Activate"/>
</testsuite> <!-- com.MGSClassic_Execution_Classes.TC_0007_Regression_MGSClassic_Monthly_Activate -->
