<?xml version="1.0" encoding="UTF-8"?>
<!-- Generated by org.testng.reporters.JUnitReportReporter -->
<testsuite skipped="0" hostname="TP-LAP0039" name="com.Restaurant_Execution_Classes.TC_0011_Regression_RUI_ActivateGiftwithTRA" tests="1" failures="0" timestamp="05 Oct 2019 22:41:30 GMT" time="76.910" errors="0">
  <testcase name="TC_0011_Regression_RUI_ActivateGiftwithTRA" time="76.910" classname="com.Restaurant_Execution_Classes.TC_0011_Regression_RUI_ActivateGiftwithTRA"/>
</testsuite> <!-- com.Restaurant_Execution_Classes.TC_0011_Regression_RUI_ActivateGiftwithTRA -->
