<?xml version="1.0" encoding="UTF-8"?>
<!-- Generated by org.testng.reporters.JUnitReportReporter -->
<testsuite skipped="0" hostname="TP-LAP0039" name="com.MGSClassic_Execution_Classes.TC_0004_Regression_MGSClassic_Promotion_SignUp" tests="1" failures="0" timestamp="07 Oct 2019 03:22:53 GMT" time="88.654" errors="0">
  <testcase name="PromotionSignUP" time="88.654" classname="com.MGSClassic_Execution_Classes.TC_0004_Regression_MGSClassic_Promotion_SignUp"/>
</testsuite> <!-- com.MGSClassic_Execution_Classes.TC_0004_Regression_MGSClassic_Promotion_SignUp -->
