<?xml version="1.0" encoding="UTF-8"?>
<!-- Generated by org.testng.reporters.JUnitReportReporter -->
<testsuite skipped="0" hostname="TP-LAP0039" name="com.MGSLightning_Execution_Classes.TC_0020_Regression_MGSLightning_Pickup_priorWOMwithNoupcharge_card" tests="1" failures="0" timestamp="04 Oct 2019 16:00:44 GMT" time="135.588" errors="0">
  <testcase name="TC_0020_Regression_MGSLightning_Pickup_priorWOMwithNoupcharge_card" time="135.588" classname="com.MGSLightning_Execution_Classes.TC_0020_Regression_MGSLightning_Pickup_priorWOMwithNoupcharge_card"/>
</testsuite> <!-- com.MGSLightning_Execution_Classes.TC_0020_Regression_MGSLightning_Pickup_priorWOMwithNoupcharge_card -->
