<?xml version="1.0" encoding="UTF-8"?>
<!-- Generated by org.testng.reporters.JUnitReportReporter -->
<testsuite skipped="0" hostname="TP-LAP0039" name="com.Restaurant_Execution_Classes.TC_0123_Regression_RUI_ConvertgiftmembershipafterexpiringwithTRA" tests="1" failures="0" timestamp="02 Oct 2019 14:37:23 GMT" time="9.807" errors="0">
  <testcase name="TC_0123_Regression_RUI_ConvertgiftmembershipafterexpiringwithTRA" time="9.807" classname="com.Restaurant_Execution_Classes.TC_0123_Regression_RUI_ConvertgiftmembershipafterexpiringwithTRA"/>
</testsuite> <!-- com.Restaurant_Execution_Classes.TC_0123_Regression_RUI_ConvertgiftmembershipafterexpiringwithTRA -->
