<?xml version="1.0" encoding="UTF-8"?>
<!-- Generated by org.testng.reporters.JUnitReportReporter -->
<testsuite skipped="0" hostname="TP-LAP0039" name="com.Restaurant_Execution_Classes.TC_0008_Regression_RUI_SignUpGiftBARTENDER" tests="1" failures="0" timestamp="05 Oct 2019 22:41:29 GMT" time="75.247" errors="0">
  <testcase name="TC_008_Regression_RUI_SignUpGiftBARTENDER" time="75.247" classname="com.Restaurant_Execution_Classes.TC_0008_Regression_RUI_SignUpGiftBARTENDER"/>
</testsuite> <!-- com.Restaurant_Execution_Classes.TC_0008_Regression_RUI_SignUpGiftBARTENDER -->
