<?xml version="1.0" encoding="UTF-8"?>
<!-- Generated by org.testng.reporters.JUnitReportReporter -->
<testsuite skipped="0" hostname="TP-LAP0039" name="com.Restaurant_Execution_Classes.TC_0116_Regression_RUI_ExtendgiftmembershipafterexpiringwithBartender" tests="1" failures="0" timestamp="05 Oct 2019 22:41:29 GMT" time="12.434" errors="0">
  <testcase name="TC_0116_Regression_RUI_ExtendgiftmembershipafterexpiringwithBartender" time="12.434" classname="com.Restaurant_Execution_Classes.TC_0116_Regression_RUI_ExtendgiftmembershipafterexpiringwithBartender"/>
</testsuite> <!-- com.Restaurant_Execution_Classes.TC_0116_Regression_RUI_ExtendgiftmembershipafterexpiringwithBartender -->
