<?xml version="1.0" encoding="UTF-8"?>
<!-- Generated by org.testng.reporters.JUnitReportReporter -->
<testsuite skipped="0" hostname="TP-LAP0039" name="com.MGSLightning_Execution_Classes.TC_0024_Regression_MGSLightning_Swap_2WOMsfor1Lux" tests="1" failures="0" timestamp="04 Oct 2019 16:27:41 GMT" time="155.625" errors="0">
  <testcase name="TC_0024_Regression_MGS_Swap_2WOMsfor1Lux" time="155.625" classname="com.MGSLightning_Execution_Classes.TC_0024_Regression_MGSLightning_Swap_2WOMsfor1Lux"/>
</testsuite> <!-- com.MGSLightning_Execution_Classes.TC_0024_Regression_MGSLightning_Swap_2WOMsfor1Lux -->
