<?xml version="1.0" encoding="UTF-8"?>
<!-- Generated by org.testng.reporters.JUnitReportReporter -->
<testsuite skipped="0" hostname="TP-LAP0039" name="com.Restaurant_Execution_Classes.TC_0041_Regression_RUI_CantAddLoyaltyPointswithBARTENDER" tests="1" failures="0" timestamp="05 Oct 2019 22:41:30 GMT" time="31.626" errors="0">
  <testcase name="TC_0041_Regression_RUI_CantAddLoyaltyPointswithBARTENDER" time="31.626" classname="com.Restaurant_Execution_Classes.TC_0041_Regression_RUI_CantAddLoyaltyPointswithBARTENDER"/>
</testsuite> <!-- com.Restaurant_Execution_Classes.TC_0041_Regression_RUI_CantAddLoyaltyPointswithBARTENDER -->
